#
# There is insufficient memory for the Java Runtime Environment to continue.
# Native memory allocation (malloc) failed to allocate 320736 bytes for Chunk::new
# Possible reasons:
#   The system is out of physical RAM or swap space
#   The process is running with CompressedOops enabled, and the Java Heap may be blocking the growth of the native heap
# Possible solutions:
#   Reduce memory load on the system
#   Increase physical memory or swap space
#   Check if swap backing store is full
#   Decrease Java heap size (-Xmx/-Xms)
#   Decrease number of Java threads
#   Decrease Java thread stack sizes (-Xss)
#   Set larger code cache with -XX:ReservedCodeCacheSize=
#   JVM is running with Unscaled Compressed Oops mode in which the Java heap is
#     placed in the first 4GB address space. The Java Heap base address is the
#     maximum limit for the native heap growth. Please use -XX:HeapBaseMinAddress
#     to set the Java Heap base and to place the Java Heap above 4GB virtual address.
# This output file may be truncated or incomplete.
#
#  Out of Memory Error (arena.cpp:189), pid=8528, tid=4436
#
# JRE version: OpenJDK Runtime Environment (17.0.6) (build 17.0.6+0-b2043.56-9586694)
# Java VM: OpenJDK 64-Bit Server VM (17.0.6+0-b2043.56-9586694, mixed mode, tiered, compressed oops, compressed class ptrs, g1 gc, windows-amd64)
# No core dump will be written. Minidumps are not enabled by default on client versions of Windows
#

---------------  S U M M A R Y ------------

Command Line: -Dapplication.home=C:\Program Files\Android\Android Studio\jbr --add-modules=ALL-DEFAULT -Xms8m -Djdk.module.main=jdk.compiler jdk.compiler/com.sun.tools.javac.Main --system=none --patch-module=java.base=E:\Home\Android_SDK\platforms\android-33\core-for-system-modules.jar -d C:\Users\HP\.gradle\caches\transforms-3\2adfbe2c81e543973b4a5f6bf8072222\transformed\output\temp C:\Users\HP\.gradle\caches\transforms-3\2adfbe2c81e543973b4a5f6bf8072222\transformed\output\temp\module-info.java

Host: 11th Gen Intel(R) Core(TM) i3-1115G4 @ 3.00GHz, 4 cores, 7G,  Windows 10 , 64 bit Build 19041 (10.0.19041.2364)
Time: Thu May  4 22:33:03 2023 Sri Lanka Standard Time elapsed time: 2.305003 seconds (0d 0h 0m 2s)

---------------  T H R E A D  ---------------

Current thread (0x00000172c8484e10):  JavaThread "C2 CompilerThread0" daemon [_thread_in_native, id=4436, stack(0x00000039ecf00000,0x00000039ed000000)]


Current CompileTask:
C2:   2305 1109       4       java.util.regex.Pattern::compile (500 bytes)

Stack: [0x00000039ecf00000,0x00000039ed000000]
Native frames: (J=compiled Java code, j=interpreted, Vv=VM code, C=native code)
V  [jvm.dll+0x683b4a]
V  [jvm.dll+0x842654]
V  [jvm.dll+0x843dfe]
V  [jvm.dll+0x844463]
V  [jvm.dll+0x249b75]
V  [jvm.dll+0xabcac]
V  [jvm.dll+0xac27c]
V  [jvm.dll+0x2b0eef]
V  [jvm.dll+0x58a207]
V  [jvm.dll+0x2243b2]
V  [jvm.dll+0x21dd02]
V  [jvm.dll+0x21b51b]
V  [jvm.dll+0x1a4fdd]
V  [jvm.dll+0x22b098]
V  [jvm.dll+0x229159]
V  [jvm.dll+0x7f809c]
V  [jvm.dll+0x7f25fa]
V  [jvm.dll+0x682985]
C  [ucrtbase.dll+0x21bb2]
C  [KERNEL32.DLL+0x17614]
C  [ntdll.dll+0x526a1]


---------------  P R O C E S S  ---------------

Threads class SMR info:
_java_thread_list=0x00000172c91a8d70, length=12, elements={
0x00000172ad1a65b0, 0x00000172c8431640, 0x00000172c8431ff0, 0x00000172c847fa30,
0x00000172c84802f0, 0x00000172c84832c0, 0x00000172c8483c70, 0x00000172c8484e10,
0x00000172c84858b0, 0x00000172c8486fe0, 0x00000172c9093480, 0x00000172c91d1840
}

Java Threads: ( => current thread )
  0x00000172ad1a65b0 JavaThread "main" [_thread_blocked, id=3276, stack(0x00000039ec200000,0x00000039ec300000)]
  0x00000172c8431640 JavaThread "Reference Handler" daemon [_thread_blocked, id=3580, stack(0x00000039ec900000,0x00000039eca00000)]
  0x00000172c8431ff0 JavaThread "Finalizer" daemon [_thread_blocked, id=7812, stack(0x00000039eca00000,0x00000039ecb00000)]
  0x00000172c847fa30 JavaThread "Signal Dispatcher" daemon [_thread_blocked, id=8184, stack(0x00000039ecb00000,0x00000039ecc00000)]
  0x00000172c84802f0 JavaThread "Attach Listener" daemon [_thread_blocked, id=2188, stack(0x00000039ecc00000,0x00000039ecd00000)]
  0x00000172c84832c0 JavaThread "Service Thread" daemon [_thread_blocked, id=3268, stack(0x00000039ecd00000,0x00000039ece00000)]
  0x00000172c8483c70 JavaThread "Monitor Deflation Thread" daemon [_thread_blocked, id=520, stack(0x00000039ece00000,0x00000039ecf00000)]
=>0x00000172c8484e10 JavaThread "C2 CompilerThread0" daemon [_thread_in_native, id=4436, stack(0x00000039ecf00000,0x00000039ed000000)]
  0x00000172c84858b0 JavaThread "C1 CompilerThread0" daemon [_thread_blocked, id=5024, stack(0x00000039ed000000,0x00000039ed100000)]
  0x00000172c8486fe0 JavaThread "Sweeper thread" daemon [_thread_blocked, id=2372, stack(0x00000039ed100000,0x00000039ed200000)]
  0x00000172c9093480 JavaThread "Common-Cleaner" daemon [_thread_blocked, id=10092, stack(0x00000039ed200000,0x00000039ed300000)]
  0x00000172c91d1840 JavaThread "Notification Thread" daemon [_thread_blocked, id=6272, stack(0x00000039ed300000,0x00000039ed400000)]

Other Threads:
  0x00000172ad27e490 VMThread "VM Thread" [stack: 0x00000039ec800000,0x00000039ec900000] [id=8904]
  0x00000172c90d3860 WatcherThread [stack: 0x00000039ed400000,0x00000039ed500000] [id=7644]
  0x00000172ad2032f0 GCTaskThread "GC Thread#0" [stack: 0x00000039ec300000,0x00000039ec400000] [id=9956]
  0x00000172c920c8c0 GCTaskThread "GC Thread#1" [stack: 0x00000039ed500000,0x00000039ed600000] [id=9468]
  0x00000172c92f7bb0 GCTaskThread "GC Thread#2" [stack: 0x00000039ed600000,0x00000039ed700000] [id=1752]
  0x00000172c928a0b0 GCTaskThread "GC Thread#3" [stack: 0x00000039ed700000,0x00000039ed800000] [id=5836]
  0x00000172ad213a40 ConcurrentGCThread "G1 Main Marker" [stack: 0x00000039ec400000,0x00000039ec500000] [id=6564]
  0x00000172ad214450 ConcurrentGCThread "G1 Conc#0" [stack: 0x00000039ec500000,0x00000039ec600000] [id=2396]
  0x00000172ad22c9f0 ConcurrentGCThread "G1 Refine#0" [stack: 0x00000039ec600000,0x00000039ec700000] [id=4404]
  0x00000172ad22d410 ConcurrentGCThread "G1 Service" [stack: 0x00000039ec700000,0x00000039ec800000] [id=5068]

Threads with active compile tasks:
C2 CompilerThread0     2685 1109       4       java.util.regex.Pattern::compile (500 bytes)

VM state: at safepoint (normal execution)

VM Mutex/Monitor currently owned by a thread:  ([mutex/lock_event])
[0x00000172ad196150] Threads_lock - owner thread: 0x00000172ad27e490
[0x00000172ad1a3b50] Heap_lock - owner thread: 0x00000172ad1a65b0

Heap address: 0x0000000084000000, size: 1984 MB, Compressed Oops mode: 32-bit

CDS archive(s) not mapped
Compressed class space mapped at: 0x0000000100000000-0x0000000140000000, reserved size: 1073741824
Narrow klass base: 0x0000000000000000, Narrow klass shift: 3, Narrow klass range: 0x140000000

GC Precious Log:
 CPUs: 4 total, 4 available
 Memory: 7932M
 Large Page Support: Disabled
 NUMA Support: Disabled
 Compressed Oops: Enabled (32-bit)
 Heap Region Size: 1M
 Heap Min Capacity: 8M
 Heap Initial Capacity: 8M
 Heap Max Capacity: 1984M
 Pre-touch: Disabled
 Parallel Workers: 4
 Concurrent Workers: 1
 Concurrent Refinement Workers: 4
 Periodic GC: Disabled

Heap:
 garbage-first heap   total 10240K, used 4146K [0x0000000084000000, 0x0000000100000000)
  region size 1024K, 1 young (1024K), 1 survivors (1024K)
 Metaspace       used 15747K, committed 15936K, reserved 1064960K
  class space    used 1660K, committed 1792K, reserved 1048576K

Heap Regions: E=young(eden), S=young(survivor), O=old, HS=humongous(starts), HC=humongous(continues), CS=collection set, F=free, OA=open archive, CA=closed archive, TAMS=top-at-mark-start (previous, next)
|   0|0x0000000084000000, 0x0000000084100000, 0x0000000084100000|100%| O|  |TAMS 0x0000000084000000, 0x0000000084000000| Untracked 
|   1|0x0000000084100000, 0x0000000084200000, 0x0000000084200000|100%| O|  |TAMS 0x0000000084100000, 0x0000000084100000| Untracked 
|   2|0x0000000084200000, 0x0000000084300000, 0x0000000084300000|100%| O|  |TAMS 0x0000000084200000, 0x0000000084200000| Untracked 
|   3|0x0000000084300000, 0x0000000084368400, 0x0000000084400000| 40%| O|  |TAMS 0x0000000084300000, 0x0000000084300000| Untracked 
|   4|0x0000000084400000, 0x0000000084400000, 0x0000000084500000|  0%| F|  |TAMS 0x0000000084400000, 0x0000000084400000| Untracked 
|   5|0x0000000084500000, 0x0000000084500000, 0x0000000084600000|  0%| F|  |TAMS 0x0000000084500000, 0x0000000084500000| Untracked 
|   6|0x0000000084600000, 0x0000000084600000, 0x0000000084700000|  0%| F|  |TAMS 0x0000000084600000, 0x0000000084600000| Untracked 
|   7|0x0000000084700000, 0x00000000847a45d0, 0x0000000084800000| 64%| S|CS|TAMS 0x0000000084700000, 0x0000000084700000| Complete 
|   8|0x0000000084800000, 0x0000000084800000, 0x0000000084900000|  0%| F|  |TAMS 0x0000000084800000, 0x0000000084800000| Untracked 
|   9|0x0000000084900000, 0x0000000084900000, 0x0000000084a00000|  0%| F|  |TAMS 0x0000000084900000, 0x0000000084900000| Untracked 

Card table byte_map: [0x00000172c1870000,0x00000172c1c50000] _byte_map_base: 0x00000172c1450000

Marking Bits (Prev, Next): (CMBitMap*) 0x00000172ad203900, (CMBitMap*) 0x00000172ad203940
 Prev Bits: [0x00000172c2030000, 0x00000172c3f30000)
 Next Bits: [0x00000172c3f30000, 0x00000172c5e30000)

Polling page: 0x00000172acf80000

Metaspace:

Usage:
  Non-class:     13.76 MB used.
      Class:      1.62 MB used.
       Both:     15.38 MB used.

Virtual space:
  Non-class space:       16.00 MB reserved,      13.81 MB ( 86%) committed,  2 nodes.
      Class space:        1.00 GB reserved,       1.75 MB ( <1%) committed,  1 nodes.
             Both:        1.02 GB reserved,      15.56 MB (  1%) committed. 

Chunk freelists:
   Non-Class:  1.94 MB
       Class:  2.11 MB
        Both:  4.05 MB

MaxMetaspaceSize: unlimited
CompressedClassSpaceSize: 1.00 GB
Initial GC threshold: 21.00 MB
Current GC threshold: 21.00 MB
CDS: off
MetaspaceReclaimPolicy: balanced
 - commit_granule_bytes: 65536.
 - commit_granule_words: 8192.
 - virtual_space_node_default_size: 1048576.
 - enlarge_chunks_in_place: 1.
 - new_chunks_are_fully_committed: 0.
 - uncommit_free_chunks: 1.
 - use_allocation_guard: 0.
 - handle_deallocations: 1.


Internal statistics:

num_allocs_failed_limit: 0.
num_arena_births: 56.
num_arena_deaths: 0.
num_vsnodes_births: 3.
num_vsnodes_deaths: 0.
num_space_committed: 249.
num_space_uncommitted: 0.
num_chunks_returned_to_freelist: 0.
num_chunks_taken_from_freelist: 368.
num_chunk_merges: 0.
num_chunk_splits: 251.
num_chunks_enlarged: 197.
num_purges: 0.
num_inconsistent_stats: 0.

CodeHeap 'non-profiled nmethods': size=120000Kb used=297Kb max_used=297Kb free=119702Kb
 bounds [0x00000172b9940000, 0x00000172b9bb0000, 0x00000172c0e70000]
CodeHeap 'profiled nmethods': size=120000Kb used=1942Kb max_used=1942Kb free=118057Kb
 bounds [0x00000172b1e70000, 0x00000172b20e0000, 0x00000172b93a0000]
CodeHeap 'non-nmethods': size=5760Kb used=1150Kb max_used=1165Kb free=4610Kb
 bounds [0x00000172b93a0000, 0x00000172b9610000, 0x00000172b9940000]
 total_blobs=1563 nmethods=1139 adapters=337
 compilation: enabled
              stopped_count=0, restarted_count=0
 full_count=0

Compilation events (20 events):
Event: 2.218 Thread 0x00000172c84858b0 1138       3       sun.nio.fs.NativeBuffers::getNativeBufferFromCache (51 bytes)
Event: 2.218 Thread 0x00000172c84858b0 nmethod 1138 0x00000172b2050a10 code [0x00000172b2050c00, 0x00000172b2051208]
Event: 2.218 Thread 0x00000172c84858b0 1141       3       java.util.Arrays::copyOf (40 bytes)
Event: 2.219 Thread 0x00000172c84858b0 nmethod 1141 0x00000172b2051410 code [0x00000172b2051600, 0x00000172b2051ca8]
Event: 2.219 Thread 0x00000172c84858b0 1140       3       sun.nio.fs.WindowsPath::getFileSystem (5 bytes)
Event: 2.219 Thread 0x00000172c84858b0 nmethod 1140 0x00000172b2051e90 code [0x00000172b2052020, 0x00000172b2052158]
Event: 2.219 Thread 0x00000172c84858b0 1139       3       sun.nio.fs.NativeBuffer::release (5 bytes)
Event: 2.219 Thread 0x00000172c84858b0 nmethod 1139 0x00000172b2052210 code [0x00000172b20523a0, 0x00000172b20524c8]
Event: 2.219 Thread 0x00000172c84858b0 1142       3       java.lang.invoke.Invokers$Holder::linkToTargetMethod (13 bytes)
Event: 2.219 Thread 0x00000172c84858b0 nmethod 1142 0x00000172b2052590 code [0x00000172b2052740, 0x00000172b2052b58]
Event: 2.219 Thread 0x00000172c84858b0 1143       3       java.lang.invoke.LambdaForm$DMH/0x0000000100160400::newInvokeSpecial (30 bytes)
Event: 2.219 Thread 0x00000172c84858b0 nmethod 1143 0x00000172b2052c90 code [0x00000172b2052e80, 0x00000172b20535e8]
Event: 2.219 Thread 0x00000172c84858b0 1144       3       java.util.EnumSet::typeCheck (59 bytes)
Event: 2.220 Thread 0x00000172c84858b0 nmethod 1144 0x00000172b2053810 code [0x00000172b2053ac0, 0x00000172b2054578]
Event: 2.220 Thread 0x00000172c84858b0 1145       3       java.util.ArrayDeque::addFirst (51 bytes)
Event: 2.220 Thread 0x00000172c84858b0 nmethod 1145 0x00000172b2054990 code [0x00000172b2054b60, 0x00000172b2054ff8]
Event: 2.226 Thread 0x00000172c84858b0 1146       3       com.sun.tools.javac.tree.TreeScanner::scan (10 bytes)
Event: 2.226 Thread 0x00000172c84858b0 nmethod 1146 0x00000172b2055190 code [0x00000172b2055340, 0x00000172b2055548]
Event: 2.226 Thread 0x00000172c84858b0 1147       3       com.sun.tools.javac.tree.JCTree$JCFieldAccess::accept (6 bytes)
Event: 2.226 Thread 0x00000172c84858b0 nmethod 1147 0x00000172b2055610 code [0x00000172b20557c0, 0x00000172b2055988]

GC Heap History (20 events):
Event: 0.922 GC heap after
{Heap after GC invocations=5 (full 0):
 garbage-first heap   total 8192K, used 1195K [0x0000000084000000, 0x0000000100000000)
  region size 1024K, 1 young (1024K), 1 survivors (1024K)
 Metaspace       used 9651K, committed 9856K, reserved 1064960K
  class space    used 998K, committed 1088K, reserved 1048576K
}
Event: 1.232 GC heap before
{Heap before GC invocations=5 (full 0):
 garbage-first heap   total 8192K, used 3243K [0x0000000084000000, 0x0000000100000000)
  region size 1024K, 4 young (4096K), 1 survivors (1024K)
 Metaspace       used 10311K, committed 10496K, reserved 1064960K
  class space    used 1067K, committed 1152K, reserved 1048576K
}
Event: 1.233 GC heap after
{Heap after GC invocations=6 (full 0):
 garbage-first heap   total 8192K, used 1606K [0x0000000084000000, 0x0000000100000000)
  region size 1024K, 1 young (1024K), 1 survivors (1024K)
 Metaspace       used 10311K, committed 10496K, reserved 1064960K
  class space    used 1067K, committed 1152K, reserved 1048576K
}
Event: 1.263 GC heap before
{Heap before GC invocations=6 (full 0):
 garbage-first heap   total 8192K, used 3654K [0x0000000084000000, 0x0000000100000000)
  region size 1024K, 4 young (4096K), 1 survivors (1024K)
 Metaspace       used 11124K, committed 11264K, reserved 1064960K
  class space    used 1182K, committed 1280K, reserved 1048576K
}
Event: 1.265 GC heap after
{Heap after GC invocations=7 (full 0):
 garbage-first heap   total 8192K, used 1611K [0x0000000084000000, 0x0000000100000000)
  region size 1024K, 1 young (1024K), 1 survivors (1024K)
 Metaspace       used 11124K, committed 11264K, reserved 1064960K
  class space    used 1182K, committed 1280K, reserved 1048576K
}
Event: 1.277 GC heap before
{Heap before GC invocations=7 (full 0):
 garbage-first heap   total 8192K, used 2635K [0x0000000084000000, 0x0000000100000000)
  region size 1024K, 3 young (3072K), 1 survivors (1024K)
 Metaspace       used 11596K, committed 11712K, reserved 1064960K
  class space    used 1228K, committed 1280K, reserved 1048576K
}
Event: 1.278 GC heap after
{Heap after GC invocations=8 (full 0):
 garbage-first heap   total 10240K, used 1687K [0x0000000084000000, 0x0000000100000000)
  region size 1024K, 1 young (1024K), 1 survivors (1024K)
 Metaspace       used 11596K, committed 11712K, reserved 1064960K
  class space    used 1228K, committed 1280K, reserved 1048576K
}
Event: 1.421 GC heap before
{Heap before GC invocations=8 (full 0):
 garbage-first heap   total 10240K, used 4759K [0x0000000084000000, 0x0000000100000000)
  region size 1024K, 5 young (5120K), 1 survivors (1024K)
 Metaspace       used 12565K, committed 12736K, reserved 1064960K
  class space    used 1329K, committed 1408K, reserved 1048576K
}
Event: 1.422 GC heap after
{Heap after GC invocations=9 (full 0):
 garbage-first heap   total 10240K, used 2046K [0x0000000084000000, 0x0000000100000000)
  region size 1024K, 1 young (1024K), 1 survivors (1024K)
 Metaspace       used 12565K, committed 12736K, reserved 1064960K
  class space    used 1329K, committed 1408K, reserved 1048576K
}
Event: 1.554 GC heap before
{Heap before GC invocations=9 (full 0):
 garbage-first heap   total 10240K, used 6142K [0x0000000084000000, 0x0000000100000000)
  region size 1024K, 5 young (5120K), 1 survivors (1024K)
 Metaspace       used 13876K, committed 14080K, reserved 1064960K
  class space    used 1490K, committed 1600K, reserved 1048576K
}
Event: 1.555 GC heap after
{Heap after GC invocations=10 (full 0):
 garbage-first heap   total 10240K, used 2189K [0x0000000084000000, 0x0000000100000000)
  region size 1024K, 1 young (1024K), 1 survivors (1024K)
 Metaspace       used 13876K, committed 14080K, reserved 1064960K
  class space    used 1490K, committed 1600K, reserved 1048576K
}
Event: 2.154 GC heap before
{Heap before GC invocations=10 (full 0):
 garbage-first heap   total 10240K, used 6285K [0x0000000084000000, 0x0000000100000000)
  region size 1024K, 5 young (5120K), 1 survivors (1024K)
 Metaspace       used 15322K, committed 15552K, reserved 1064960K
  class space    used 1627K, committed 1728K, reserved 1048576K
}
Event: 2.156 GC heap after
{Heap after GC invocations=11 (full 0):
 garbage-first heap   total 10240K, used 3138K [0x0000000084000000, 0x0000000100000000)
  region size 1024K, 1 young (1024K), 1 survivors (1024K)
 Metaspace       used 15322K, committed 15552K, reserved 1064960K
  class space    used 1627K, committed 1728K, reserved 1048576K
}
Event: 2.190 GC heap before
{Heap before GC invocations=11 (full 0):
 garbage-first heap   total 10240K, used 6210K [0x0000000084000000, 0x0000000100000000)
  region size 1024K, 4 young (4096K), 1 survivors (1024K)
 Metaspace       used 15490K, committed 15680K, reserved 1064960K
  class space    used 1634K, committed 1728K, reserved 1048576K
}
Event: 2.192 GC heap after
{Heap after GC invocations=12 (full 0):
 garbage-first heap   total 10240K, used 3594K [0x0000000084000000, 0x0000000100000000)
  region size 1024K, 1 young (1024K), 1 survivors (1024K)
 Metaspace       used 15490K, committed 15680K, reserved 1064960K
  class space    used 1634K, committed 1728K, reserved 1048576K
}
Event: 2.202 GC heap before
{Heap before GC invocations=12 (full 0):
 garbage-first heap   total 10240K, used 5642K [0x0000000084000000, 0x0000000100000000)
  region size 1024K, 3 young (3072K), 1 survivors (1024K)
 Metaspace       used 15517K, committed 15744K, reserved 1064960K
  class space    used 1634K, committed 1728K, reserved 1048576K
}
Event: 2.204 GC heap after
{Heap after GC invocations=13 (full 0):
 garbage-first heap   total 10240K, used 3750K [0x0000000084000000, 0x0000000100000000)
  region size 1024K, 1 young (1024K), 1 survivors (1024K)
 Metaspace       used 15517K, committed 15744K, reserved 1064960K
  class space    used 1634K, committed 1728K, reserved 1048576K
}
Event: 2.213 GC heap before
{Heap before GC invocations=13 (full 0):
 garbage-first heap   total 10240K, used 5798K [0x0000000084000000, 0x0000000100000000)
  region size 1024K, 3 young (3072K), 1 survivors (1024K)
 Metaspace       used 15543K, committed 15744K, reserved 1064960K
  class space    used 1634K, committed 1728K, reserved 1048576K
}
Event: 2.214 GC heap after
{Heap after GC invocations=14 (full 0):
 garbage-first heap   total 10240K, used 4022K [0x0000000084000000, 0x0000000100000000)
  region size 1024K, 1 young (1024K), 1 survivors (1024K)
 Metaspace       used 15543K, committed 15744K, reserved 1064960K
  class space    used 1634K, committed 1728K, reserved 1048576K
}
Event: 2.226 GC heap before
{Heap before GC invocations=14 (full 0):
 garbage-first heap   total 10240K, used 6070K [0x0000000084000000, 0x0000000100000000)
  region size 1024K, 3 young (3072K), 1 survivors (1024K)
 Metaspace       used 15747K, committed 15936K, reserved 1064960K
  class space    used 1660K, committed 1792K, reserved 1048576K
}

Dll operation events (1 events):
Event: 0.003 Loaded shared library C:\Program Files\Android\Android Studio\jbr\bin\java.dll

Deoptimization events (20 events):
Event: 0.753 Thread 0x00000172ad1a65b0 Uncommon trap: trap_request=0xffffffde fr.pc=0x00000172b995200c relative=0x00000000000004ac
Event: 0.753 Thread 0x00000172ad1a65b0 Uncommon trap: reason=class_check action=maybe_recompile pc=0x00000172b995200c method=java.util.HashMap.putVal(ILjava/lang/Object;Ljava/lang/Object;ZZ)Ljava/lang/Object; @ 253 c2
Event: 0.753 Thread 0x00000172ad1a65b0 DEOPT PACKING pc=0x00000172b995200c sp=0x00000039ec2fea60
Event: 0.753 Thread 0x00000172ad1a65b0 DEOPT UNPACKING pc=0x00000172b93fa1a3 sp=0x00000039ec2fea10 mode 2
Event: 0.755 Thread 0x00000172ad1a65b0 Uncommon trap: trap_request=0xffffffde fr.pc=0x00000172b995200c relative=0x00000000000004ac
Event: 0.755 Thread 0x00000172ad1a65b0 Uncommon trap: reason=class_check action=maybe_recompile pc=0x00000172b995200c method=java.util.HashMap.putVal(ILjava/lang/Object;Ljava/lang/Object;ZZ)Ljava/lang/Object; @ 253 c2
Event: 0.755 Thread 0x00000172ad1a65b0 DEOPT PACKING pc=0x00000172b995200c sp=0x00000039ec2fe9d0
Event: 0.755 Thread 0x00000172ad1a65b0 DEOPT UNPACKING pc=0x00000172b93fa1a3 sp=0x00000039ec2fe980 mode 2
Event: 0.864 Thread 0x00000172ad1a65b0 DEOPT PACKING pc=0x00000172b1e995e7 sp=0x00000039ec2f8e50
Event: 0.864 Thread 0x00000172ad1a65b0 DEOPT UNPACKING pc=0x00000172b93face3 sp=0x00000039ec2f8270 mode 0
Event: 0.875 Thread 0x00000172ad1a65b0 DEOPT PACKING pc=0x00000172b1e97951 sp=0x00000039ec2fa570
Event: 0.875 Thread 0x00000172ad1a65b0 DEOPT UNPACKING pc=0x00000172b93face3 sp=0x00000039ec2f99e8 mode 0
Event: 1.497 Thread 0x00000172ad1a65b0 Uncommon trap: trap_request=0xffffff45 fr.pc=0x00000172b996823c relative=0x000000000000049c
Event: 1.497 Thread 0x00000172ad1a65b0 Uncommon trap: reason=unstable_if action=reinterpret pc=0x00000172b996823c method=java.lang.StringLatin1.replace([BCC)Ljava/lang/String; @ 19 c2
Event: 1.497 Thread 0x00000172ad1a65b0 DEOPT PACKING pc=0x00000172b996823c sp=0x00000039ec2fe9d0
Event: 1.497 Thread 0x00000172ad1a65b0 DEOPT UNPACKING pc=0x00000172b93fa1a3 sp=0x00000039ec2fe950 mode 2
Event: 2.225 Thread 0x00000172ad1a65b0 Uncommon trap: trap_request=0xffffffc6 fr.pc=0x00000172b99644d8 relative=0x00000000000009d8
Event: 2.225 Thread 0x00000172ad1a65b0 Uncommon trap: reason=bimorphic_or_optimized_type_check action=maybe_recompile pc=0x00000172b99644d8 method=java.util.HashMap.putVal(ILjava/lang/Object;Ljava/lang/Object;ZZ)Ljava/lang/Object; @ 253 c2
Event: 2.225 Thread 0x00000172ad1a65b0 DEOPT PACKING pc=0x00000172b99644d8 sp=0x00000039ec2fecc0
Event: 2.225 Thread 0x00000172ad1a65b0 DEOPT UNPACKING pc=0x00000172b93fa1a3 sp=0x00000039ec2fec60 mode 2

Classes unloaded (0 events):
No events

Classes redefined (0 events):
No events

Internal exceptions (20 events):
Event: 2.218 Thread 0x00000172ad1a65b0 Exception <a 'sun/nio/fs/WindowsException'{0x00000000849d2918}> (0x00000000849d2918) 
thrown [s\src\hotspot\share\prims\jni.cpp, line 517]
Event: 2.218 Thread 0x00000172ad1a65b0 Exception <a 'sun/nio/fs/WindowsException'{0x00000000849d2d08}> (0x00000000849d2d08) 
thrown [s\src\hotspot\share\prims\jni.cpp, line 517]
Event: 2.218 Thread 0x00000172ad1a65b0 Exception <a 'sun/nio/fs/WindowsException'{0x00000000849dbb80}> (0x00000000849dbb80) 
thrown [s\src\hotspot\share\prims\jni.cpp, line 517]
Event: 2.218 Thread 0x00000172ad1a65b0 Exception <a 'sun/nio/fs/WindowsException'{0x00000000849dbf58}> (0x00000000849dbf58) 
thrown [s\src\hotspot\share\prims\jni.cpp, line 517]
Event: 2.218 Thread 0x00000172ad1a65b0 Exception <a 'sun/nio/fs/WindowsException'{0x00000000849eae00}> (0x00000000849eae00) 
thrown [s\src\hotspot\share\prims\jni.cpp, line 517]
Event: 2.218 Thread 0x00000172ad1a65b0 Exception <a 'sun/nio/fs/WindowsException'{0x00000000849eb1b0}> (0x00000000849eb1b0) 
thrown [s\src\hotspot\share\prims\jni.cpp, line 517]
Event: 2.218 Thread 0x00000172ad1a65b0 Exception <a 'sun/nio/fs/WindowsException'{0x00000000849f26f0}> (0x00000000849f26f0) 
thrown [s\src\hotspot\share\prims\jni.cpp, line 517]
Event: 2.218 Thread 0x00000172ad1a65b0 Exception <a 'sun/nio/fs/WindowsException'{0x00000000849f2ab0}> (0x00000000849f2ab0) 
thrown [s\src\hotspot\share\prims\jni.cpp, line 517]
Event: 2.219 Thread 0x00000172ad1a65b0 Exception <a 'sun/nio/fs/WindowsException'{0x0000000084814810}> (0x0000000084814810) 
thrown [s\src\hotspot\share\prims\jni.cpp, line 517]
Event: 2.219 Thread 0x00000172ad1a65b0 Exception <a 'sun/nio/fs/WindowsException'{0x0000000084814e58}> (0x0000000084814e58) 
thrown [s\src\hotspot\share\prims\jni.cpp, line 517]
Event: 2.219 Thread 0x00000172ad1a65b0 Exception <a 'sun/nio/fs/WindowsException'{0x000000008481fd78}> (0x000000008481fd78) 
thrown [s\src\hotspot\share\prims\jni.cpp, line 517]
Event: 2.219 Thread 0x00000172ad1a65b0 Exception <a 'sun/nio/fs/WindowsException'{0x0000000084820138}> (0x0000000084820138) 
thrown [s\src\hotspot\share\prims\jni.cpp, line 517]
Event: 2.219 Thread 0x00000172ad1a65b0 Exception <a 'sun/nio/fs/WindowsException'{0x00000000848356b8}> (0x00000000848356b8) 
thrown [s\src\hotspot\share\prims\jni.cpp, line 517]
Event: 2.219 Thread 0x00000172ad1a65b0 Exception <a 'sun/nio/fs/WindowsException'{0x0000000084835a90}> (0x0000000084835a90) 
thrown [s\src\hotspot\share\prims\jni.cpp, line 517]
Event: 2.220 Thread 0x00000172ad1a65b0 Exception <a 'sun/nio/fs/WindowsException'{0x0000000084840b08}> (0x0000000084840b08) 
thrown [s\src\hotspot\share\prims\jni.cpp, line 517]
Event: 2.220 Thread 0x00000172ad1a65b0 Exception <a 'sun/nio/fs/WindowsException'{0x0000000084840ef8}> (0x0000000084840ef8) 
thrown [s\src\hotspot\share\prims\jni.cpp, line 517]
Event: 2.220 Thread 0x00000172ad1a65b0 Exception <a 'sun/nio/fs/WindowsException'{0x000000008484f1c8}> (0x000000008484f1c8) 
thrown [s\src\hotspot\share\prims\jni.cpp, line 517]
Event: 2.220 Thread 0x00000172ad1a65b0 Exception <a 'sun/nio/fs/WindowsException'{0x000000008484f598}> (0x000000008484f598) 
thrown [s\src\hotspot\share\prims\jni.cpp, line 517]
Event: 2.220 Thread 0x00000172ad1a65b0 Exception <a 'sun/nio/fs/WindowsException'{0x00000000848561d8}> (0x00000000848561d8) 
thrown [s\src\hotspot\share\prims\jni.cpp, line 517]
Event: 2.220 Thread 0x00000172ad1a65b0 Exception <a 'sun/nio/fs/WindowsException'{0x00000000848565c8}> (0x00000000848565c8) 
thrown [s\src\hotspot\share\prims\jni.cpp, line 517]

VM Operations (20 events):
Event: 0.922 Executing VM operation: G1CollectForAllocation done
Event: 1.232 Executing VM operation: G1CollectForAllocation
Event: 1.233 Executing VM operation: G1CollectForAllocation done
Event: 1.263 Executing VM operation: G1CollectForAllocation
Event: 1.265 Executing VM operation: G1CollectForAllocation done
Event: 1.277 Executing VM operation: G1CollectForAllocation
Event: 1.278 Executing VM operation: G1CollectForAllocation done
Event: 1.421 Executing VM operation: G1CollectForAllocation
Event: 1.422 Executing VM operation: G1CollectForAllocation done
Event: 1.554 Executing VM operation: G1CollectForAllocation
Event: 1.555 Executing VM operation: G1CollectForAllocation done
Event: 2.154 Executing VM operation: G1CollectForAllocation
Event: 2.156 Executing VM operation: G1CollectForAllocation done
Event: 2.190 Executing VM operation: G1CollectForAllocation
Event: 2.192 Executing VM operation: G1CollectForAllocation done
Event: 2.202 Executing VM operation: G1CollectForAllocation
Event: 2.204 Executing VM operation: G1CollectForAllocation done
Event: 2.213 Executing VM operation: G1CollectForAllocation
Event: 2.214 Executing VM operation: G1CollectForAllocation done
Event: 2.226 Executing VM operation: G1CollectForAllocation

Events (20 events):
Event: 2.135 loading class java/nio/file/DirectoryIteratorException
Event: 2.135 loading class java/util/ConcurrentModificationException
Event: 2.135 loading class java/util/ConcurrentModificationException done
Event: 2.135 loading class java/nio/file/DirectoryIteratorException done
Event: 2.135 loading class java/nio/file/FileTreeWalker$DirectoryNode
Event: 2.136 loading class java/nio/file/FileTreeWalker$DirectoryNode done
Event: 2.136 loading class java/nio/file/FileTreeWalker$Event
Event: 2.136 loading class java/nio/file/FileTreeWalker$Event done
Event: 2.136 loading class java/nio/file/FileTreeWalker$EventType
Event: 2.136 loading class java/nio/file/FileTreeWalker$EventType done
Event: 2.136 loading class java/nio/file/Files$3
Event: 2.136 loading class java/nio/file/Files$3 done
Event: 2.136 loading class java/nio/file/FileVisitResult
Event: 2.136 loading class java/nio/file/FileVisitResult done
Event: 2.136 loading class sun/nio/fs/BasicFileAttributesHolder
Event: 2.136 loading class sun/nio/fs/BasicFileAttributesHolder done
Event: 2.152 loading class java/util/ComparableTimSort
Event: 2.152 loading class java/util/ComparableTimSort done
Event: 2.153 loading class java/nio/file/FileTreeWalker$1
Event: 2.153 loading class java/nio/file/FileTreeWalker$1 done


Dynamic libraries:
0x00007ff655410000 - 0x00007ff655418000 	C:\Program Files\Android\Android Studio\jbr\bin\javac.exe
0x00007fffccd70000 - 0x00007fffccf68000 	C:\WINDOWS\SYSTEM32\ntdll.dll
0x00007fffcca90000 - 0x00007fffccb4f000 	C:\WINDOWS\System32\KERNEL32.DLL
0x00007fffca650000 - 0x00007fffca922000 	C:\WINDOWS\System32\KERNELBASE.dll
0x00007fffca460000 - 0x00007fffca560000 	C:\WINDOWS\System32\ucrtbase.dll
0x00007fffbb2e0000 - 0x00007fffbb2f7000 	C:\Program Files\Android\Android Studio\jbr\bin\jli.dll
0x00007fffbb300000 - 0x00007fffbb31b000 	C:\Program Files\Android\Android Studio\jbr\bin\VCRUNTIME140.dll
0x00007fffcbd70000 - 0x00007fffcbf11000 	C:\WINDOWS\System32\USER32.dll
0x00007fffca620000 - 0x00007fffca642000 	C:\WINDOWS\System32\win32u.dll
0x00007fffcbae0000 - 0x00007fffcbb0b000 	C:\WINDOWS\System32\GDI32.dll
0x00007fffad120000 - 0x00007fffad3ba000 	C:\WINDOWS\WinSxS\amd64_microsoft.windows.common-controls_6595b64144ccf1df_6.0.19041.1110_none_60b5254171f9507e\COMCTL32.dll
0x00007fffcaa60000 - 0x00007fffcab6f000 	C:\WINDOWS\System32\gdi32full.dll
0x00007fffcb9a0000 - 0x00007fffcba3e000 	C:\WINDOWS\System32\msvcrt.dll
0x00007fffca9c0000 - 0x00007fffcaa5d000 	C:\WINDOWS\System32\msvcp_win.dll
0x00007fffcbc70000 - 0x00007fffcbca2000 	C:\WINDOWS\System32\IMM32.DLL
0x00007fffbb2d0000 - 0x00007fffbb2dc000 	C:\Program Files\Android\Android Studio\jbr\bin\vcruntime140_1.dll
0x00007fffa70a0000 - 0x00007fffa712d000 	C:\Program Files\Android\Android Studio\jbr\bin\msvcp140.dll
0x00007fff8e680000 - 0x00007fff8f2ed000 	C:\Program Files\Android\Android Studio\jbr\bin\server\jvm.dll
0x00007fffcbb10000 - 0x00007fffcbbbe000 	C:\WINDOWS\System32\ADVAPI32.dll
0x00007fffcba40000 - 0x00007fffcbadc000 	C:\WINDOWS\System32\sechost.dll
0x00007fffcb110000 - 0x00007fffcb235000 	C:\WINDOWS\System32\RPCRT4.dll
0x00007fffa9db0000 - 0x00007fffa9db9000 	C:\WINDOWS\SYSTEM32\WSOCK32.dll
0x00007fffaaf50000 - 0x00007fffaaf77000 	C:\WINDOWS\SYSTEM32\WINMM.dll
0x00007fffcc4d0000 - 0x00007fffcc53b000 	C:\WINDOWS\System32\WS2_32.dll
0x00007fffc24f0000 - 0x00007fffc24fa000 	C:\WINDOWS\SYSTEM32\VERSION.dll
0x00007fffc8ee0000 - 0x00007fffc8ef2000 	C:\WINDOWS\SYSTEM32\kernel.appcore.dll
0x00007fffc2f00000 - 0x00007fffc2f0a000 	C:\Program Files\Android\Android Studio\jbr\bin\jimage.dll
0x00007fffc81c0000 - 0x00007fffc83a4000 	C:\WINDOWS\SYSTEM32\DBGHELP.DLL
0x00007fff9dcd0000 - 0x00007fff9dd05000 	C:\WINDOWS\SYSTEM32\dbgcore.DLL
0x00007fffca930000 - 0x00007fffca9b2000 	C:\WINDOWS\System32\bcryptPrimitives.dll
0x00007fffbaf90000 - 0x00007fffbafb5000 	C:\Program Files\Android\Android Studio\jbr\bin\java.dll
0x00007fffc18d0000 - 0x00007fffc18e8000 	C:\Program Files\Android\Android Studio\jbr\bin\zip.dll
0x00007fffcb250000 - 0x00007fffcb994000 	C:\WINDOWS\System32\SHELL32.dll
0x00007fffc83b0000 - 0x00007fffc8b42000 	C:\WINDOWS\SYSTEM32\windows.storage.dll
0x00007fffcadb0000 - 0x00007fffcb105000 	C:\WINDOWS\System32\combase.dll
0x00007fffc9d00000 - 0x00007fffc9d30000 	C:\WINDOWS\SYSTEM32\Wldp.dll
0x00007fffcbbc0000 - 0x00007fffcbc6d000 	C:\WINDOWS\System32\SHCORE.dll
0x00007fffccbb0000 - 0x00007fffccc05000 	C:\WINDOWS\System32\shlwapi.dll
0x00007fffca3a0000 - 0x00007fffca3bf000 	C:\WINDOWS\SYSTEM32\profapi.dll
0x00007fffbaf70000 - 0x00007fffbaf89000 	C:\Program Files\Android\Android Studio\jbr\bin\net.dll
0x00007fffc11a0000 - 0x00007fffc12ac000 	C:\WINDOWS\SYSTEM32\WINHTTP.dll
0x00007fffc9ae0000 - 0x00007fffc9b4a000 	C:\WINDOWS\system32\mswsock.dll
0x00007fffbad80000 - 0x00007fffbad96000 	C:\Program Files\Android\Android Studio\jbr\bin\nio.dll

dbghelp: loaded successfully - version: 4.0.5 - missing functions: none
symbol engine: initialized successfully - sym options: 0x614 - pdb path: .;C:\Program Files\Android\Android Studio\jbr\bin;C:\WINDOWS\SYSTEM32;C:\WINDOWS\WinSxS\amd64_microsoft.windows.common-controls_6595b64144ccf1df_6.0.19041.1110_none_60b5254171f9507e;C:\Program Files\Android\Android Studio\jbr\bin\server

VM Arguments:
jvm_args: -Dapplication.home=C:\Program Files\Android\Android Studio\jbr --add-modules=ALL-DEFAULT -Xms8m -Djdk.module.main=jdk.compiler 
java_command: jdk.compiler/com.sun.tools.javac.Main --system=none --patch-module=java.base=E:\Home\Android_SDK\platforms\android-33\core-for-system-modules.jar -d C:\Users\HP\.gradle\caches\transforms-3\2adfbe2c81e543973b4a5f6bf8072222\transformed\output\temp C:\Users\HP\.gradle\caches\transforms-3\2adfbe2c81e543973b4a5f6bf8072222\transformed\output\temp\module-info.java
java_class_path (initial): <not set>
Launcher Type: SUN_STANDARD

[Global flags]
     intx CICompilerCount                          = 3                                         {product} {ergonomic}
     uint ConcGCThreads                            = 1                                         {product} {ergonomic}
     uint G1ConcRefinementThreads                  = 4                                         {product} {ergonomic}
   size_t G1HeapRegionSize                         = 1048576                                   {product} {ergonomic}
    uintx GCDrainStackTargetSize                   = 64                                        {product} {ergonomic}
   size_t InitialHeapSize                          = 8388608                                   {product} {command line}
   size_t MarkStackSize                            = 4194304                                   {product} {ergonomic}
   size_t MaxHeapSize                              = 2080374784                                {product} {ergonomic}
   size_t MaxNewSize                               = 1247805440                                {product} {ergonomic}
   size_t MinHeapDeltaBytes                        = 1048576                                   {product} {ergonomic}
   size_t MinHeapSize                              = 8388608                                   {product} {command line}
    uintx NonNMethodCodeHeapSize                   = 5832780                                {pd product} {ergonomic}
    uintx NonProfiledCodeHeapSize                  = 122912730                              {pd product} {ergonomic}
    uintx ProfiledCodeHeapSize                     = 122912730                              {pd product} {ergonomic}
    uintx ReservedCodeCacheSize                    = 251658240                              {pd product} {ergonomic}
     bool SegmentedCodeCache                       = true                                      {product} {ergonomic}
   size_t SoftMaxHeapSize                          = 2080374784                             {manageable} {ergonomic}
     bool UseCompressedClassPointers               = true                           {product lp64_product} {ergonomic}
     bool UseCompressedOops                        = true                           {product lp64_product} {ergonomic}
     bool UseG1GC                                  = true                                      {product} {ergonomic}
     bool UseLargePagesIndividualAllocation        = false                                  {pd product} {ergonomic}

Logging:
Log output configuration:
 #0: stdout all=warning uptime,level,tags
 #1: stderr all=off uptime,level,tags

Environment Variables:
JAVA_HOME=C:\Program Files\Eclipse Adoptium\jdk-17.0.7.7-hotspot\
PATH=C:\Program Files\Eclipse Adoptium\jdk-17.0.7.7-hotspot\bin;C:\WINDOWS\system32;C:\WINDOWS;C:\WINDOWS\System32\Wbem;C:\WINDOWS\System32\WindowsPowerShell\v1.0\;C:\WINDOWS\System32\OpenSSH\;C:\Program Files\Microsoft VS Code\bin;C:\Program Files\dotnet\;C:\ProgramData\chocolatey\bin;C:\Program Files\WindowsPowerShell\Scripts;C:\Program Files\Python310\Scripts;C:\platform-tools\;C:\Program Files\Airshipper\;C:\Program Files\PowerShell\7\;C:\Program Files\Git\cmd;C:\Program Files\GitHub CLI\;C:\Users\HP\AppData\Local\Microsoft\WindowsApps;C:\Users\HP\AppData\Local\Microsoft\WindowsApps;
USERNAME=HP
OS=Windows_NT
PROCESSOR_IDENTIFIER=Intel64 Family 6 Model 140 Stepping 1, GenuineIntel
TMP=C:\Users\HP\AppData\Local\Temp
TEMP=C:\Users\HP\AppData\Local\Temp



---------------  S Y S T E M  ---------------

OS:
 Windows 10 , 64 bit Build 19041 (10.0.19041.2364)
OS uptime: 0 days 7:37 hours
Hyper-V role detected

CPU: total 4 (initial active 4) (2 cores per cpu, 2 threads per core) family 6 model 140 stepping 1 microcode 0x86, cx8, cmov, fxsr, ht, mmx, 3dnowpref, sse, sse2, sse3, ssse3, sse4.1, sse4.2, popcnt, lzcnt, tsc, tscinvbit, avx, avx2, aes, erms, clmul, bmi1, bmi2, adx, avx512f, avx512dq, avx512cd, avx512bw, avx512vl, sha, fma, vzeroupper, avx512_vpopcntdq, avx512_vpclmulqdq, avx512_vaes, avx512_vnni, clflush, clflushopt, clwb, avx512_vbmi2, avx512_vbmi, hv

Memory: 4k page, system-wide physical 7932M (90M free)
TotalPageFile size 9819M (AvailPageFile size 4M)
current process WorkingSet (physical memory assigned to process): 63M, peak: 63M
current process commit charge ("private bytes"): 89M, peak: 99M

vm_info: OpenJDK 64-Bit Server VM (17.0.6+0-b2043.56-9586694) for windows-amd64 JRE (17.0.6+0-b2043.56-9586694), built on Feb  9 2023 20:06:20 by "androidbuild" with MS VC++ 16.10 / 16.11 (VS2019)

END.
